[17:9:11.55] Global cache location '/home/alex/.cache/typescript/4.0', safe file path '/usr/lib/node_modules/typescript/lib/typingSafeList.json', types map path /usr/lib/node_modules/typescript/lib/typesMap.json
[17:9:11.55] Processing cache location '/home/alex/.cache/typescript/4.0'
[17:9:11.55] Trying to find '/home/alex/.cache/typescript/4.0/package.json'...
[17:9:11.88] Loaded content of '/home/alex/.cache/typescript/4.0/package.json': {"private":true,"dependencies":{"types-registry":"^0.1.514"},"devDependencies":{"@types/acorn":"^4.0.5","@types/ansi-styles":"^3.2.1","@types/anymatch":"^1.3.1","@types/atob":"^2.1.2","@types/autoprefixer":"^9.7.2","@types/browser-sync":"^2.26.1","@types/browserslist":"^4.8.0","@types/buffer-from":"^1.1.0","@types/caniuse-lite":"^1.0.0","@types/clone":"^2.1.0","@types/cloneable-readable":"^2.0.0","@types/color-support":"^1.1.0","@types/cssnano":"^4.0.0","@types/dateformat":"^3.0.1","@types/defined":"^1.0.0","@types/fancy-log":"^1.3.1","@types/glob":"^7.1.3","@types/glob-watcher":"^5.0.0","@types/gulp":"^4.0.7","@types/gulp-autoprefixer":"0.0.32","@types/gulp-concat":"0.0.32","@types/gulp-file-include":"^0.14.4","@types/gulp-header":"^2.0.0","@types/gulp-image":"^4.3.0","@types/gulp-imagemin":"^7.0.0","@types/gulp-rename":"0.0.33","@types/gulp-sass":"^4.0.0","@types/gulp-svgmin":"^1.2.0","@types/gulp-terser":"^1.2.1","@types/gulp-util":"^3.0.35","@types/has-ansi":"^3.0.0","@types/is-negated-glob":"^1.0.0","@types/js-base64":"^3.0.0","@types/lazypipe":"0.0.31","@types/lodash":"^4.14.161","@types/lodash.clonedeep":"^4.5.6","@types/lodash.template":"^4.5.0","@types/micromatch":"^4.0.1","@types/minimatch":"^3.0.3","@types/node":"^14.11.2","@types/node-sass":"^4.11.1","@types/object-assign":"^4.0.30","@types/object-path":"^0.11.0","@types/page":"^1.8.0","@types/pify":"^3.0.2","@types/postcss-calc":"^7.0.0","@types/rcloader":"0.0.28","@types/readable-stream":"^2.3.9","@types/replace-ext":"0.0.27","@types/rimraf":"^3.0.0","@types/rx":"^4.1.2","@types/sprintf":"^0.1.0","@types/supports-color":"^5.3.0","@types/svgo":"^1.3.3","@types/text-table":"^0.2.1","@types/through":"0.0.30","@types/through2":"^2.0.36","@types/ua-parser-js":"^0.7.33","@types/undertaker":"^1.2.3","@types/undertaker-registry":"^1.0.1","@types/vinyl":"^2.0.4","@types/vinyl-fs":"^2.4.11","@types/xtend":"^4.0.3"}}
[17:9:11.89] Loaded content of '/home/alex/.cache/typescript/4.0/package-lock.json'
[17:9:11.98] Adding entry into typings cache: 'acorn' => '/home/alex/.cache/typescript/4.0/node_modules/@types/acorn/index.d.ts'
[17:9:11.104] Adding entry into typings cache: 'ansi-styles' => '/home/alex/.cache/typescript/4.0/node_modules/@types/ansi-styles/index.d.ts'
[17:9:11.109] Adding entry into typings cache: 'anymatch' => '/home/alex/.cache/typescript/4.0/node_modules/@types/anymatch/index.d.ts'
[17:9:11.114] Adding entry into typings cache: 'atob' => '/home/alex/.cache/typescript/4.0/node_modules/@types/atob/index.d.ts'
[17:9:11.116] Adding entry into typings cache: 'autoprefixer' => '/home/alex/.cache/typescript/4.0/node_modules/@types/autoprefixer/index.d.ts'
[17:9:11.118] Adding entry into typings cache: 'browser-sync' => '/home/alex/.cache/typescript/4.0/node_modules/@types/browser-sync/index.d.ts'
[17:9:11.120] Adding entry into typings cache: 'browserslist' => '/home/alex/.cache/typescript/4.0/node_modules/@types/browserslist/index.d.ts'
[17:9:11.124] Adding entry into typings cache: 'buffer-from' => '/home/alex/.cache/typescript/4.0/node_modules/@types/buffer-from/index.d.ts'
[17:9:11.127] Adding entry into typings cache: 'caniuse-lite' => '/home/alex/.cache/typescript/4.0/node_modules/@types/caniuse-lite/index.d.ts'
[17:9:11.129] Adding entry into typings cache: 'clone' => '/home/alex/.cache/typescript/4.0/node_modules/@types/clone/index.d.ts'
[17:9:11.131] Adding entry into typings cache: 'cloneable-readable' => '/home/alex/.cache/typescript/4.0/node_modules/@types/cloneable-readable/index.d.ts'
[17:9:11.134] Adding entry into typings cache: 'color-support' => '/home/alex/.cache/typescript/4.0/node_modules/@types/color-support/index.d.ts'
[17:9:11.135] Adding entry into typings cache: 'cssnano' => '/home/alex/.cache/typescript/4.0/node_modules/@types/cssnano/index.d.ts'
[17:9:11.137] Adding entry into typings cache: 'dateformat' => '/home/alex/.cache/typescript/4.0/node_modules/@types/dateformat/index.d.ts'
[17:9:11.138] Adding entry into typings cache: 'defined' => '/home/alex/.cache/typescript/4.0/node_modules/@types/defined/index.d.ts'
[17:9:11.141] Adding entry into typings cache: 'fancy-log' => '/home/alex/.cache/typescript/4.0/node_modules/@types/fancy-log/index.d.ts'
[17:9:11.143] Adding entry into typings cache: 'glob' => '/home/alex/.cache/typescript/4.0/node_modules/@types/glob/index.d.ts'
[17:9:11.145] Adding entry into typings cache: 'glob-watcher' => '/home/alex/.cache/typescript/4.0/node_modules/@types/glob-watcher/index.d.ts'
[17:9:11.147] Adding entry into typings cache: 'gulp' => '/home/alex/.cache/typescript/4.0/node_modules/@types/gulp/index.d.ts'
[17:9:11.148] Adding entry into typings cache: 'gulp-autoprefixer' => '/home/alex/.cache/typescript/4.0/node_modules/@types/gulp-autoprefixer/index.d.ts'
[17:9:11.150] Adding entry into typings cache: 'gulp-concat' => '/home/alex/.cache/typescript/4.0/node_modules/@types/gulp-concat/index.d.ts'
[17:9:11.151] Adding entry into typings cache: 'gulp-file-include' => '/home/alex/.cache/typescript/4.0/node_modules/@types/gulp-file-include/index.d.ts'
[17:9:11.152] Adding entry into typings cache: 'gulp-header' => '/home/alex/.cache/typescript/4.0/node_modules/@types/gulp-header/index.d.ts'
[17:9:11.157] Adding entry into typings cache: 'gulp-image' => '/home/alex/.cache/typescript/4.0/node_modules/@types/gulp-image/index.d.ts'
[17:9:11.160] Adding entry into typings cache: 'gulp-imagemin' => '/home/alex/.cache/typescript/4.0/node_modules/@types/gulp-imagemin/index.d.ts'
[17:9:11.163] Adding entry into typings cache: 'gulp-rename' => '/home/alex/.cache/typescript/4.0/node_modules/@types/gulp-rename/index.d.ts'
[17:9:11.164] Adding entry into typings cache: 'gulp-sass' => '/home/alex/.cache/typescript/4.0/node_modules/@types/gulp-sass/index.d.ts'
[17:9:11.167] Adding entry into typings cache: 'gulp-svgmin' => '/home/alex/.cache/typescript/4.0/node_modules/@types/gulp-svgmin/index.d.ts'
[17:9:11.168] Adding entry into typings cache: 'gulp-terser' => '/home/alex/.cache/typescript/4.0/node_modules/@types/gulp-terser/index.d.ts'
[17:9:11.170] Adding entry into typings cache: 'gulp-util' => '/home/alex/.cache/typescript/4.0/node_modules/@types/gulp-util/index.d.ts'
[17:9:11.171] Adding entry into typings cache: 'has-ansi' => '/home/alex/.cache/typescript/4.0/node_modules/@types/has-ansi/index.d.ts'
[17:9:11.173] Adding entry into typings cache: 'is-negated-glob' => '/home/alex/.cache/typescript/4.0/node_modules/@types/is-negated-glob/index.d.ts'
[17:9:11.175] Adding entry into typings cache: 'js-base64' => '/home/alex/.cache/typescript/4.0/node_modules/@types/js-base64/index.d.ts'
[17:9:11.178] Adding entry into typings cache: 'lazypipe' => '/home/alex/.cache/typescript/4.0/node_modules/@types/lazypipe/index.d.ts'
[17:9:11.180] Adding entry into typings cache: 'lodash' => '/home/alex/.cache/typescript/4.0/node_modules/@types/lodash/index.d.ts'
[17:9:11.182] Adding entry into typings cache: 'lodash.clonedeep' => '/home/alex/.cache/typescript/4.0/node_modules/@types/lodash.clonedeep/index.d.ts'
[17:9:11.183] Adding entry into typings cache: 'lodash.template' => '/home/alex/.cache/typescript/4.0/node_modules/@types/lodash.template/index.d.ts'
[17:9:11.187] Adding entry into typings cache: 'micromatch' => '/home/alex/.cache/typescript/4.0/node_modules/@types/micromatch/index.d.ts'
[17:9:11.189] Adding entry into typings cache: 'minimatch' => '/home/alex/.cache/typescript/4.0/node_modules/@types/minimatch/index.d.ts'
[17:9:11.192] Adding entry into typings cache: 'node' => '/home/alex/.cache/typescript/4.0/node_modules/@types/node/index.d.ts'
[17:9:11.193] Adding entry into typings cache: 'node-sass' => '/home/alex/.cache/typescript/4.0/node_modules/@types/node-sass/index.d.ts'
[17:9:11.194] Adding entry into typings cache: 'object-assign' => '/home/alex/.cache/typescript/4.0/node_modules/@types/object-assign/index.d.ts'
[17:9:11.195] Adding entry into typings cache: 'object-path' => '/home/alex/.cache/typescript/4.0/node_modules/@types/object-path/index.d.ts'
[17:9:11.196] Adding entry into typings cache: 'page' => '/home/alex/.cache/typescript/4.0/node_modules/@types/page/index.d.ts'
[17:9:11.197] Adding entry into typings cache: 'pify' => '/home/alex/.cache/typescript/4.0/node_modules/@types/pify/index.d.ts'
[17:9:11.198] Adding entry into typings cache: 'postcss-calc' => '/home/alex/.cache/typescript/4.0/node_modules/@types/postcss-calc/index.d.ts'
[17:9:11.199] Adding entry into typings cache: 'rcloader' => '/home/alex/.cache/typescript/4.0/node_modules/@types/rcloader/index.d.ts'
[17:9:11.201] Adding entry into typings cache: 'readable-stream' => '/home/alex/.cache/typescript/4.0/node_modules/@types/readable-stream/index.d.ts'
[17:9:11.202] Adding entry into typings cache: 'replace-ext' => '/home/alex/.cache/typescript/4.0/node_modules/@types/replace-ext/index.d.ts'
[17:9:11.204] Adding entry into typings cache: 'rimraf' => '/home/alex/.cache/typescript/4.0/node_modules/@types/rimraf/index.d.ts'
[17:9:11.205] Adding entry into typings cache: 'rx' => '/home/alex/.cache/typescript/4.0/node_modules/@types/rx/index.d.ts'
[17:9:11.206] Adding entry into typings cache: 'sprintf' => '/home/alex/.cache/typescript/4.0/node_modules/@types/sprintf/index.d.ts'
[17:9:11.209] Adding entry into typings cache: 'supports-color' => '/home/alex/.cache/typescript/4.0/node_modules/@types/supports-color/index.d.ts'
[17:9:11.210] Adding entry into typings cache: 'svgo' => '/home/alex/.cache/typescript/4.0/node_modules/@types/svgo/index.d.ts'
[17:9:11.211] Adding entry into typings cache: 'text-table' => '/home/alex/.cache/typescript/4.0/node_modules/@types/text-table/index.d.ts'
[17:9:11.213] Adding entry into typings cache: 'through' => '/home/alex/.cache/typescript/4.0/node_modules/@types/through/index.d.ts'
[17:9:11.214] Adding entry into typings cache: 'through2' => '/home/alex/.cache/typescript/4.0/node_modules/@types/through2/index.d.ts'
[17:9:11.215] Adding entry into typings cache: 'ua-parser-js' => '/home/alex/.cache/typescript/4.0/node_modules/@types/ua-parser-js/index.d.ts'
[17:9:11.217] Adding entry into typings cache: 'undertaker' => '/home/alex/.cache/typescript/4.0/node_modules/@types/undertaker/index.d.ts'
[17:9:11.219] Adding entry into typings cache: 'undertaker-registry' => '/home/alex/.cache/typescript/4.0/node_modules/@types/undertaker-registry/index.d.ts'
[17:9:11.220] Adding entry into typings cache: 'vinyl' => '/home/alex/.cache/typescript/4.0/node_modules/@types/vinyl/index.d.ts'
[17:9:11.221] Adding entry into typings cache: 'vinyl-fs' => '/home/alex/.cache/typescript/4.0/node_modules/@types/vinyl-fs/index.d.ts'
[17:9:11.222] Adding entry into typings cache: 'xtend' => '/home/alex/.cache/typescript/4.0/node_modules/@types/xtend/index.d.ts'
[17:9:11.222] Finished processing cache location '/home/alex/.cache/typescript/4.0'
[17:9:11.222] Process id: 39059
[17:9:11.222] NPM location: /usr/bin/npm (explicit '--npmLocation' not  provided)
[17:9:11.222] validateDefaultNpmLocation: false
[17:9:11.222] Npm config file: /home/alex/.cache/typescript/4.0/package.json
[17:9:11.222] Updating types-registry npm package...
[17:9:11.222] Exec: /usr/bin/npm install --ignore-scripts types-registry@latest
[17:9:13.95]     Succeeded. stdout:
    + types-registry@0.1.515
    updated 1 package and audited 265 packages in 1.385s

2 packages are looking for funding
  run `npm fund` for details

found 0 vulnerabilities


[17:9:13.95] Updated types-registry npm package
[17:9:13.110] Got install request {"projectName":"/dev/null/inferredProject1*","fileNames":["/usr/lib/node_modules/typescript/lib/lib.d.ts","/usr/lib/node_modules/typescript/lib/lib.es5.d.ts","/usr/lib/node_modules/typescript/lib/lib.dom.d.ts","/usr/lib/node_modules/typescript/lib/lib.webworker.importscripts.d.ts","/usr/lib/node_modules/typescript/lib/lib.scripthost.d.ts","/home/alex/Brain/themes/Zettels/assets/js/turbolinks.js"],"compilerOptions":{"target":1,"jsx":1,"allowNonTsExtensions":true,"allowJs":true,"noEmitForJsFiles":true,"maxNodeModuleJsDepth":2},"typeAcquisition":{"enable":true,"include":[],"exclude":[]},"unresolvedImports":[],"projectRootPath":"/home/alex/Brain/themes/Zettels/assets/js","kind":"discover"}
[17:9:13.120] Loaded safelist from types map file '/usr/lib/node_modules/typescript/lib/typesMap.json'
[17:9:13.121] Explicitly included types: []
[17:9:13.121] Inferred typings from unresolved imports: []
[17:9:13.121] Result: {"cachedTypingPaths":[],"newTypingNames":[],"filesToWatch":["/home/alex/Brain/themes/Zettels/assets/js/bower_components","/home/alex/Brain/themes/Zettels/assets/js/node_modules"]}
[17:9:13.122] Finished typings discovery: {"cachedTypingPaths":[],"newTypingNames":[],"filesToWatch":["/home/alex/Brain/themes/Zettels/assets/js/bower_components","/home/alex/Brain/themes/Zettels/assets/js/node_modules"]}
[17:9:13.122] DirectoryWatcher:: Added:: WatchInfo: /home/alex/Brain/themes/Zettels/assets/js/bower_components
[17:9:13.123] DirectoryWatcher:: Added:: WatchInfo: /home/alex/Brain/themes/Zettels/assets/js/node_modules
[17:9:13.123] Sending response:
    {"projectName":"/dev/null/inferredProject1*","typeAcquisition":{"enable":true,"include":[],"exclude":[]},"compilerOptions":{"target":1,"jsx":1,"allowNonTsExtensions":true,"allowJs":true,"noEmitForJsFiles":true,"maxNodeModuleJsDepth":2},"typings":[],"unresolvedImports":[],"kind":"action::set"}
[17:9:13.124] Response has been sent.
[17:9:13.124] No new typings were requested as a result of typings discovery
[18:2:18.403] Got install request {"projectName":"/dev/null/inferredProject2*","fileNames":["/usr/lib/node_modules/typescript/lib/lib.d.ts","/usr/lib/node_modules/typescript/lib/lib.es5.d.ts","/usr/lib/node_modules/typescript/lib/lib.dom.d.ts","/usr/lib/node_modules/typescript/lib/lib.webworker.importscripts.d.ts","/usr/lib/node_modules/typescript/lib/lib.scripthost.d.ts","/home/alex/Brain/themes/Zettels/assets/js/fastsearch.js"],"compilerOptions":{"target":1,"jsx":1,"allowNonTsExtensions":true,"allowJs":true,"noEmitForJsFiles":true,"maxNodeModuleJsDepth":2},"typeAcquisition":{"enable":true,"include":[],"exclude":[]},"unresolvedImports":[],"projectRootPath":"/home/alex/Brain/themes/Zettels/assets/js","kind":"discover"}
[18:2:18.403] Explicitly included types: []
[18:2:18.404] Inferred typings from unresolved imports: []
[18:2:18.404] Result: {"cachedTypingPaths":[],"newTypingNames":[],"filesToWatch":["/home/alex/Brain/themes/Zettels/assets/js/bower_components","/home/alex/Brain/themes/Zettels/assets/js/node_modules"]}
[18:2:18.404] Finished typings discovery: {"cachedTypingPaths":[],"newTypingNames":[],"filesToWatch":["/home/alex/Brain/themes/Zettels/assets/js/bower_components","/home/alex/Brain/themes/Zettels/assets/js/node_modules"]}
[18:2:18.404] DirectoryWatcher:: Added:: WatchInfo: /home/alex/Brain/themes/Zettels/assets/js/bower_components
[18:2:18.404] DirectoryWatcher:: Added:: WatchInfo: /home/alex/Brain/themes/Zettels/assets/js/node_modules
[18:2:18.404] Sending response:
    {"projectName":"/dev/null/inferredProject2*","typeAcquisition":{"enable":true,"include":[],"exclude":[]},"compilerOptions":{"target":1,"jsx":1,"allowNonTsExtensions":true,"allowJs":true,"noEmitForJsFiles":true,"maxNodeModuleJsDepth":2},"typings":[],"unresolvedImports":[],"kind":"action::set"}
[18:2:18.404] Response has been sent.
[18:2:18.404] No new typings were requested as a result of typings discovery
[18:8:36.365] Got install request {"projectName":"/dev/null/inferredProject3*","fileNames":["/usr/lib/node_modules/typescript/lib/lib.d.ts","/usr/lib/node_modules/typescript/lib/lib.es5.d.ts","/usr/lib/node_modules/typescript/lib/lib.dom.d.ts","/usr/lib/node_modules/typescript/lib/lib.webworker.importscripts.d.ts","/usr/lib/node_modules/typescript/lib/lib.scripthost.d.ts","/home/alex/Brain/themes/Zettels/assets/js/fuse.js"],"compilerOptions":{"target":1,"jsx":1,"allowNonTsExtensions":true,"allowJs":true,"noEmitForJsFiles":true,"maxNodeModuleJsDepth":2},"typeAcquisition":{"enable":true,"include":[],"exclude":[]},"unresolvedImports":[],"projectRootPath":"/home/alex/Brain/themes/Zettels/assets/js","kind":"discover"}
[18:8:36.365] Explicitly included types: []
[18:8:36.365] Inferred typings from file names: ["fuse"]
[18:8:36.365] Inferred typings from unresolved imports: []
[18:8:36.365] Result: {"cachedTypingPaths":[],"newTypingNames":["fuse"],"filesToWatch":["/home/alex/Brain/themes/Zettels/assets/js/bower_components","/home/alex/Brain/themes/Zettels/assets/js/node_modules"]}
[18:8:36.365] Finished typings discovery: {"cachedTypingPaths":[],"newTypingNames":["fuse"],"filesToWatch":["/home/alex/Brain/themes/Zettels/assets/js/bower_components","/home/alex/Brain/themes/Zettels/assets/js/node_modules"]}
[18:8:36.366] DirectoryWatcher:: Added:: WatchInfo: /home/alex/Brain/themes/Zettels/assets/js/bower_components
[18:8:36.366] DirectoryWatcher:: Added:: WatchInfo: /home/alex/Brain/themes/Zettels/assets/js/node_modules
[18:8:36.366] Installing typings ["fuse"]
[18:8:36.366] 'fuse':: Entry for package 'fuse' does not exist in local types registry - skipping...
[18:8:36.366] All typings are known to be missing or invalid - no need to install more typings
[18:8:36.366] Sending response:
    {"projectName":"/dev/null/inferredProject3*","typeAcquisition":{"enable":true,"include":[],"exclude":[]},"compilerOptions":{"target":1,"jsx":1,"allowNonTsExtensions":true,"allowJs":true,"noEmitForJsFiles":true,"maxNodeModuleJsDepth":2},"typings":[],"unresolvedImports":[],"kind":"action::set"}
[18:8:36.366] Response has been sent.
