Info 0    [17:9:10.925] Starting TS Server
Info 1    [17:9:10.925] Version: 4.0.5
Info 2    [17:9:10.925] Arguments: /usr/bin/node /usr/bin/tsserver --logFile /home/alex/Brain/.log/tsserver.log --logVerbosity info --cancellationPipeName /tmp/9109acb8dbe891e10c5225f9e0693b6d/tscancellation*
Info 3    [17:9:10.925] Platform: linux NodeVersion: 15 CaseSensitive: true
Info 4    [17:9:10.925] ServerMode: undefined syntaxOnly: false hasUnknownServerMode: undefined
Info 5    [17:9:11.579] Search path: /home/alex/Brain/themes/Zettels/assets/js
Info 6    [17:9:11.580] For info: /home/alex/Brain/themes/Zettels/assets/js/turbolinks.js :: No config files found.
Info 7    [17:9:11.582] Starting updateGraphWorker: Project: /dev/null/inferredProject1*
Info 8    [17:9:12.546] Finishing updateGraphWorker: Project: /dev/null/inferredProject1* Version: 1 structureChanged: true Elapsed: 964ms
Info 9    [17:9:12.546] Project '/dev/null/inferredProject1*' (Inferred)
Info 10   [17:9:12.546] 	Files (6)

Info 11   [17:9:12.546] -----------------------------------------------
Info 12   [17:9:13.375] Starting updateGraphWorker: Project: /dev/null/inferredProject1*
Info 13   [17:9:13.375] Finishing updateGraphWorker: Project: /dev/null/inferredProject1* Version: 2 structureChanged: false Elapsed: 0ms
Info 14   [17:9:15.625] Before ensureProjectForOpenFiles:
Info 15   [17:9:15.625] After ensureProjectForOpenFiles:
Info 16   [17:9:15.625] got projects updated in background, updating diagnostics for /home/alex/Brain/themes/Zettels/assets/js/turbolinks.js
Info 17   [18:2:18.278] Search path: /home/alex/Brain/themes/Zettels/assets/js
Info 18   [18:2:18.279] For info: /home/alex/Brain/themes/Zettels/assets/js/fastsearch.js :: No config files found.
Info 19   [18:2:18.283] Starting updateGraphWorker: Project: /dev/null/inferredProject2*
Info 20   [18:2:18.302] Finishing updateGraphWorker: Project: /dev/null/inferredProject2* Version: 1 structureChanged: true Elapsed: 19ms
Info 21   [18:2:18.302] Project '/dev/null/inferredProject2*' (Inferred)
Info 22   [18:2:18.302] 	Files (6)

Info 23   [18:2:18.302] -----------------------------------------------
Info 24   [18:2:18.479] Starting updateGraphWorker: Project: /dev/null/inferredProject2*
Info 25   [18:2:18.479] Finishing updateGraphWorker: Project: /dev/null/inferredProject2* Version: 2 structureChanged: false Elapsed: 0ms
Info 26   [18:2:20.905] Before ensureProjectForOpenFiles:
Info 27   [18:2:20.905] After ensureProjectForOpenFiles:
Info 28   [18:2:20.905] got projects updated in background, updating diagnostics for /home/alex/Brain/themes/Zettels/assets/js/turbolinks.js,/home/alex/Brain/themes/Zettels/assets/js/fastsearch.js
Info 29   [18:3:35.790] Starting updateGraphWorker: Project: /dev/null/inferredProject2*
Info 30   [18:3:35.801] Finishing updateGraphWorker: Project: /dev/null/inferredProject2* Version: 3 structureChanged: false Elapsed: 11ms
Info 31   [18:3:35.801] Different program with same set of files:: oldProgram.structureIsReused:: 2
Info 32   [18:3:36.425] Starting updateGraphWorker: Project: /dev/null/inferredProject2*
Info 33   [18:3:36.431] Finishing updateGraphWorker: Project: /dev/null/inferredProject2* Version: 4 structureChanged: false Elapsed: 6ms
Info 34   [18:3:36.431] Different program with same set of files:: oldProgram.structureIsReused:: 2
Info 35   [18:3:36.877] Starting updateGraphWorker: Project: /dev/null/inferredProject2*
Info 36   [18:3:36.882] Finishing updateGraphWorker: Project: /dev/null/inferredProject2* Version: 5 structureChanged: false Elapsed: 5ms
Info 37   [18:3:36.882] Different program with same set of files:: oldProgram.structureIsReused:: 2
Info 38   [18:3:37.180] Starting updateGraphWorker: Project: /dev/null/inferredProject2*
Info 39   [18:3:37.193] Finishing updateGraphWorker: Project: /dev/null/inferredProject2* Version: 6 structureChanged: false Elapsed: 13ms
Info 40   [18:3:37.193] Different program with same set of files:: oldProgram.structureIsReused:: 2
Info 41   [18:3:40.663] Starting updateGraphWorker: Project: /dev/null/inferredProject2*
Info 42   [18:3:40.673] Finishing updateGraphWorker: Project: /dev/null/inferredProject2* Version: 7 structureChanged: false Elapsed: 10ms
Info 43   [18:3:40.673] Different program with same set of files:: oldProgram.structureIsReused:: 2
Info 44   [18:3:41.242] Starting updateGraphWorker: Project: /dev/null/inferredProject2*
Info 45   [18:3:41.250] Finishing updateGraphWorker: Project: /dev/null/inferredProject2* Version: 8 structureChanged: false Elapsed: 8ms
Info 46   [18:3:41.250] Different program with same set of files:: oldProgram.structureIsReused:: 2
Info 47   [18:3:41.738] Starting updateGraphWorker: Project: /dev/null/inferredProject2*
Info 48   [18:3:41.744] Finishing updateGraphWorker: Project: /dev/null/inferredProject2* Version: 9 structureChanged: false Elapsed: 6ms
Info 49   [18:3:41.744] Different program with same set of files:: oldProgram.structureIsReused:: 2
Info 50   [18:3:43.663] Starting updateGraphWorker: Project: /dev/null/inferredProject2*
Info 51   [18:3:43.667] Finishing updateGraphWorker: Project: /dev/null/inferredProject2* Version: 10 structureChanged: false Elapsed: 4ms
Info 52   [18:3:43.668] Different program with same set of files:: oldProgram.structureIsReused:: 2
Info 53   [18:3:44.822] Starting updateGraphWorker: Project: /dev/null/inferredProject2*
Info 54   [18:3:44.829] Finishing updateGraphWorker: Project: /dev/null/inferredProject2* Version: 11 structureChanged: false Elapsed: 7ms
Info 55   [18:3:44.829] Different program with same set of files:: oldProgram.structureIsReused:: 2
Info 56   [18:3:45.609] Starting updateGraphWorker: Project: /dev/null/inferredProject2*
Info 57   [18:3:45.616] Finishing updateGraphWorker: Project: /dev/null/inferredProject2* Version: 12 structureChanged: false Elapsed: 6ms
Info 58   [18:3:45.616] Different program with same set of files:: oldProgram.structureIsReused:: 2
Info 59   [18:3:46.507] Starting updateGraphWorker: Project: /dev/null/inferredProject2*
Info 60   [18:3:46.511] Finishing updateGraphWorker: Project: /dev/null/inferredProject2* Version: 13 structureChanged: false Elapsed: 4ms
Info 61   [18:3:46.511] Different program with same set of files:: oldProgram.structureIsReused:: 2
Info 62   [18:3:46.770] Starting updateGraphWorker: Project: /dev/null/inferredProject2*
Info 63   [18:3:46.778] Finishing updateGraphWorker: Project: /dev/null/inferredProject2* Version: 14 structureChanged: false Elapsed: 8ms
Info 64   [18:3:46.778] Different program with same set of files:: oldProgram.structureIsReused:: 2
Info 65   [18:4:6.683] Starting updateGraphWorker: Project: /dev/null/inferredProject2*
Info 66   [18:4:6.689] Finishing updateGraphWorker: Project: /dev/null/inferredProject2* Version: 15 structureChanged: false Elapsed: 6ms
Info 67   [18:4:6.689] Different program with same set of files:: oldProgram.structureIsReused:: 2
Info 68   [18:4:7.389] Starting updateGraphWorker: Project: /dev/null/inferredProject2*
Info 69   [18:4:7.394] Finishing updateGraphWorker: Project: /dev/null/inferredProject2* Version: 16 structureChanged: false Elapsed: 5ms
Info 70   [18:4:7.394] Different program with same set of files:: oldProgram.structureIsReused:: 2
Info 71   [18:4:8.424] Starting updateGraphWorker: Project: /dev/null/inferredProject2*
Info 72   [18:4:8.431] Finishing updateGraphWorker: Project: /dev/null/inferredProject2* Version: 17 structureChanged: false Elapsed: 7ms
Info 73   [18:4:8.431] Different program with same set of files:: oldProgram.structureIsReused:: 2
Info 74   [18:4:8.821] Starting updateGraphWorker: Project: /dev/null/inferredProject2*
Info 75   [18:4:8.826] Finishing updateGraphWorker: Project: /dev/null/inferredProject2* Version: 18 structureChanged: false Elapsed: 4ms
Info 76   [18:4:8.826] Different program with same set of files:: oldProgram.structureIsReused:: 2
Info 77   [18:4:9.221] Starting updateGraphWorker: Project: /dev/null/inferredProject2*
Info 78   [18:4:9.225] Finishing updateGraphWorker: Project: /dev/null/inferredProject2* Version: 19 structureChanged: false Elapsed: 4ms
Info 79   [18:4:9.225] Different program with same set of files:: oldProgram.structureIsReused:: 2
Info 80   [18:4:9.647] Starting updateGraphWorker: Project: /dev/null/inferredProject2*
Info 81   [18:4:9.651] Finishing updateGraphWorker: Project: /dev/null/inferredProject2* Version: 20 structureChanged: false Elapsed: 3ms
Info 82   [18:4:9.651] Different program with same set of files:: oldProgram.structureIsReused:: 2
Info 83   [18:4:9.712] Starting updateGraphWorker: Project: /dev/null/inferredProject2*
Info 84   [18:4:9.716] Finishing updateGraphWorker: Project: /dev/null/inferredProject2* Version: 21 structureChanged: false Elapsed: 4ms
Info 85   [18:4:9.716] Different program with same set of files:: oldProgram.structureIsReused:: 2
Info 86   [18:4:10.665] Starting updateGraphWorker: Project: /dev/null/inferredProject2*
Info 87   [18:4:10.667] Finishing updateGraphWorker: Project: /dev/null/inferredProject2* Version: 22 structureChanged: false Elapsed: 1ms
Info 88   [18:4:10.668] Different program with same set of files:: oldProgram.structureIsReused:: 2
Info 89   [18:5:10.374] Starting updateGraphWorker: Project: /dev/null/inferredProject2*
Info 90   [18:5:10.377] Finishing updateGraphWorker: Project: /dev/null/inferredProject2* Version: 23 structureChanged: false Elapsed: 3ms
Info 91   [18:5:10.377] Different program with same set of files:: oldProgram.structureIsReused:: 2
Info 92   [18:5:10.834] Starting updateGraphWorker: Project: /dev/null/inferredProject2*
Info 93   [18:5:10.841] Finishing updateGraphWorker: Project: /dev/null/inferredProject2* Version: 24 structureChanged: false Elapsed: 7ms
Info 94   [18:5:10.841] Different program with same set of files:: oldProgram.structureIsReused:: 2
Info 95   [18:5:11.241] Starting updateGraphWorker: Project: /dev/null/inferredProject2*
Info 96   [18:5:11.248] Finishing updateGraphWorker: Project: /dev/null/inferredProject2* Version: 25 structureChanged: false Elapsed: 7ms
Info 97   [18:5:11.248] Different program with same set of files:: oldProgram.structureIsReused:: 2
Info 98   [18:5:11.663] Starting updateGraphWorker: Project: /dev/null/inferredProject2*
Info 99   [18:5:11.669] Finishing updateGraphWorker: Project: /dev/null/inferredProject2* Version: 26 structureChanged: false Elapsed: 6ms
Info 100  [18:5:11.670] Different program with same set of files:: oldProgram.structureIsReused:: 2
Info 101  [18:5:14.754] Starting updateGraphWorker: Project: /dev/null/inferredProject2*
Info 102  [18:5:14.759] Finishing updateGraphWorker: Project: /dev/null/inferredProject2* Version: 27 structureChanged: false Elapsed: 5ms
Info 103  [18:5:14.759] Different program with same set of files:: oldProgram.structureIsReused:: 2
Info 104  [18:5:15.528] Starting updateGraphWorker: Project: /dev/null/inferredProject2*
Info 105  [18:5:15.532] Finishing updateGraphWorker: Project: /dev/null/inferredProject2* Version: 28 structureChanged: false Elapsed: 3ms
Info 106  [18:5:15.532] Different program with same set of files:: oldProgram.structureIsReused:: 2
Info 107  [18:5:15.739] Starting updateGraphWorker: Project: /dev/null/inferredProject2*
Info 108  [18:5:15.746] Finishing updateGraphWorker: Project: /dev/null/inferredProject2* Version: 29 structureChanged: false Elapsed: 7ms
Info 109  [18:5:15.746] Different program with same set of files:: oldProgram.structureIsReused:: 2
Info 110  [18:5:16.933] Starting updateGraphWorker: Project: /dev/null/inferredProject2*
Info 111  [18:5:16.936] Finishing updateGraphWorker: Project: /dev/null/inferredProject2* Version: 30 structureChanged: false Elapsed: 3ms
Info 112  [18:5:16.936] Different program with same set of files:: oldProgram.structureIsReused:: 2
Info 113  [18:5:18.633] Starting updateGraphWorker: Project: /dev/null/inferredProject2*
Info 114  [18:5:18.637] Finishing updateGraphWorker: Project: /dev/null/inferredProject2* Version: 31 structureChanged: false Elapsed: 4ms
Info 115  [18:5:18.637] Different program with same set of files:: oldProgram.structureIsReused:: 2
Info 116  [18:5:19.796] Starting updateGraphWorker: Project: /dev/null/inferredProject2*
Info 117  [18:5:19.801] Finishing updateGraphWorker: Project: /dev/null/inferredProject2* Version: 32 structureChanged: false Elapsed: 5ms
Info 118  [18:5:19.801] Different program with same set of files:: oldProgram.structureIsReused:: 2
Info 119  [18:5:19.855] Starting updateGraphWorker: Project: /dev/null/inferredProject2*
Info 120  [18:5:19.860] Finishing updateGraphWorker: Project: /dev/null/inferredProject2* Version: 33 structureChanged: false Elapsed: 5ms
Info 121  [18:5:19.860] Different program with same set of files:: oldProgram.structureIsReused:: 2
Info 122  [18:5:20.617] Starting updateGraphWorker: Project: /dev/null/inferredProject2*
Info 123  [18:5:20.622] Finishing updateGraphWorker: Project: /dev/null/inferredProject2* Version: 34 structureChanged: false Elapsed: 5ms
Info 124  [18:5:20.622] Different program with same set of files:: oldProgram.structureIsReused:: 2
Info 125  [18:5:20.841] Starting updateGraphWorker: Project: /dev/null/inferredProject2*
Info 126  [18:5:20.848] Finishing updateGraphWorker: Project: /dev/null/inferredProject2* Version: 35 structureChanged: false Elapsed: 7ms
Info 127  [18:5:20.848] Different program with same set of files:: oldProgram.structureIsReused:: 2
Info 128  [18:5:37.429] Starting updateGraphWorker: Project: /dev/null/inferredProject2*
Info 129  [18:5:37.436] Finishing updateGraphWorker: Project: /dev/null/inferredProject2* Version: 36 structureChanged: false Elapsed: 7ms
Info 130  [18:5:37.436] Different program with same set of files:: oldProgram.structureIsReused:: 2
Info 131  [18:5:37.755] Starting updateGraphWorker: Project: /dev/null/inferredProject2*
Info 132  [18:5:37.760] Finishing updateGraphWorker: Project: /dev/null/inferredProject2* Version: 37 structureChanged: false Elapsed: 5ms
Info 133  [18:5:37.760] Different program with same set of files:: oldProgram.structureIsReused:: 2
Info 134  [18:5:38.123] Starting updateGraphWorker: Project: /dev/null/inferredProject2*
Info 135  [18:5:38.127] Finishing updateGraphWorker: Project: /dev/null/inferredProject2* Version: 38 structureChanged: false Elapsed: 4ms
Info 136  [18:5:38.127] Different program with same set of files:: oldProgram.structureIsReused:: 2
Info 137  [18:5:47.160] Starting updateGraphWorker: Project: /dev/null/inferredProject2*
Info 138  [18:5:47.167] Finishing updateGraphWorker: Project: /dev/null/inferredProject2* Version: 39 structureChanged: false Elapsed: 7ms
Info 139  [18:5:47.167] Different program with same set of files:: oldProgram.structureIsReused:: 2
Info 140  [18:6:0.726] Starting updateGraphWorker: Project: /dev/null/inferredProject2*
Info 141  [18:6:0.731] Finishing updateGraphWorker: Project: /dev/null/inferredProject2* Version: 40 structureChanged: false Elapsed: 5ms
Info 142  [18:6:0.731] Different program with same set of files:: oldProgram.structureIsReused:: 2
Info 143  [18:6:1.198] Starting updateGraphWorker: Project: /dev/null/inferredProject2*
Info 144  [18:6:1.203] Finishing updateGraphWorker: Project: /dev/null/inferredProject2* Version: 41 structureChanged: false Elapsed: 5ms
Info 145  [18:6:1.203] Different program with same set of files:: oldProgram.structureIsReused:: 2
Info 146  [18:6:2.544] Starting updateGraphWorker: Project: /dev/null/inferredProject2*
Info 147  [18:6:2.548] Finishing updateGraphWorker: Project: /dev/null/inferredProject2* Version: 42 structureChanged: false Elapsed: 4ms
Info 148  [18:6:2.548] Different program with same set of files:: oldProgram.structureIsReused:: 2
Info 149  [18:6:8.698] Starting updateGraphWorker: Project: /dev/null/inferredProject2*
Info 150  [18:6:8.702] Finishing updateGraphWorker: Project: /dev/null/inferredProject2* Version: 43 structureChanged: false Elapsed: 4ms
Info 151  [18:6:8.702] Different program with same set of files:: oldProgram.structureIsReused:: 2
Info 152  [18:6:9.599] Starting updateGraphWorker: Project: /dev/null/inferredProject2*
Info 153  [18:6:9.603] Finishing updateGraphWorker: Project: /dev/null/inferredProject2* Version: 44 structureChanged: false Elapsed: 3ms
Info 154  [18:6:9.603] Different program with same set of files:: oldProgram.structureIsReused:: 2
Info 155  [18:6:10.571] Starting updateGraphWorker: Project: /dev/null/inferredProject2*
Info 156  [18:6:10.581] Finishing updateGraphWorker: Project: /dev/null/inferredProject2* Version: 45 structureChanged: false Elapsed: 10ms
Info 157  [18:6:10.581] Different program with same set of files:: oldProgram.structureIsReused:: 2
Info 158  [18:6:45.231] Starting updateGraphWorker: Project: /dev/null/inferredProject2*
Info 159  [18:6:45.237] Finishing updateGraphWorker: Project: /dev/null/inferredProject2* Version: 46 structureChanged: false Elapsed: 6ms
Info 160  [18:6:45.237] Different program with same set of files:: oldProgram.structureIsReused:: 2
Info 161  [18:6:47.119] Starting updateGraphWorker: Project: /dev/null/inferredProject2*
Info 162  [18:6:47.126] Finishing updateGraphWorker: Project: /dev/null/inferredProject2* Version: 47 structureChanged: false Elapsed: 6ms
Info 163  [18:6:47.126] Different program with same set of files:: oldProgram.structureIsReused:: 2
Info 164  [18:6:47.704] Starting updateGraphWorker: Project: /dev/null/inferredProject2*
Info 165  [18:6:47.709] Finishing updateGraphWorker: Project: /dev/null/inferredProject2* Version: 48 structureChanged: false Elapsed: 5ms
Info 166  [18:6:47.709] Different program with same set of files:: oldProgram.structureIsReused:: 2
Info 167  [18:6:47.939] Starting updateGraphWorker: Project: /dev/null/inferredProject2*
Info 168  [18:6:47.944] Finishing updateGraphWorker: Project: /dev/null/inferredProject2* Version: 49 structureChanged: false Elapsed: 5ms
Info 169  [18:6:47.944] Different program with same set of files:: oldProgram.structureIsReused:: 2
Info 170  [18:6:48.511] Starting updateGraphWorker: Project: /dev/null/inferredProject2*
Info 171  [18:6:48.514] Finishing updateGraphWorker: Project: /dev/null/inferredProject2* Version: 50 structureChanged: false Elapsed: 3ms
Info 172  [18:6:48.514] Different program with same set of files:: oldProgram.structureIsReused:: 2
Info 173  [18:7:20.681] Starting updateGraphWorker: Project: /dev/null/inferredProject2*
Info 174  [18:7:20.684] Finishing updateGraphWorker: Project: /dev/null/inferredProject2* Version: 51 structureChanged: false Elapsed: 3ms
Info 175  [18:7:20.684] Different program with same set of files:: oldProgram.structureIsReused:: 2
Info 176  [18:7:20.928] Starting updateGraphWorker: Project: /dev/null/inferredProject2*
Info 177  [18:7:20.933] Finishing updateGraphWorker: Project: /dev/null/inferredProject2* Version: 52 structureChanged: false Elapsed: 5ms
Info 178  [18:7:20.933] Different program with same set of files:: oldProgram.structureIsReused:: 2
Info 179  [18:7:21.486] Starting updateGraphWorker: Project: /dev/null/inferredProject2*
Info 180  [18:7:21.490] Finishing updateGraphWorker: Project: /dev/null/inferredProject2* Version: 53 structureChanged: false Elapsed: 4ms
Info 181  [18:7:21.490] Different program with same set of files:: oldProgram.structureIsReused:: 2
Info 182  [18:7:22.313] Starting updateGraphWorker: Project: /dev/null/inferredProject2*
Info 183  [18:7:22.316] Finishing updateGraphWorker: Project: /dev/null/inferredProject2* Version: 54 structureChanged: false Elapsed: 3ms
Info 184  [18:7:22.316] Different program with same set of files:: oldProgram.structureIsReused:: 2
Info 185  [18:7:22.606] Starting updateGraphWorker: Project: /dev/null/inferredProject2*
Info 186  [18:7:22.610] Finishing updateGraphWorker: Project: /dev/null/inferredProject2* Version: 55 structureChanged: false Elapsed: 4ms
Info 187  [18:7:22.610] Different program with same set of files:: oldProgram.structureIsReused:: 2
Info 188  [18:7:22.854] Starting updateGraphWorker: Project: /dev/null/inferredProject2*
Info 189  [18:7:22.858] Finishing updateGraphWorker: Project: /dev/null/inferredProject2* Version: 56 structureChanged: false Elapsed: 4ms
Info 190  [18:7:22.858] Different program with same set of files:: oldProgram.structureIsReused:: 2
Info 191  [18:7:23.800] Starting updateGraphWorker: Project: /dev/null/inferredProject2*
Info 192  [18:7:23.804] Finishing updateGraphWorker: Project: /dev/null/inferredProject2* Version: 57 structureChanged: false Elapsed: 4ms
Info 193  [18:7:23.804] Different program with same set of files:: oldProgram.structureIsReused:: 2
Info 194  [18:7:24.957] Starting updateGraphWorker: Project: /dev/null/inferredProject2*
Info 195  [18:7:24.959] Finishing updateGraphWorker: Project: /dev/null/inferredProject2* Version: 58 structureChanged: false Elapsed: 2ms
Info 196  [18:7:24.959] Different program with same set of files:: oldProgram.structureIsReused:: 2
Info 197  [18:7:25.237] Starting updateGraphWorker: Project: /dev/null/inferredProject2*
Info 198  [18:7:25.239] Finishing updateGraphWorker: Project: /dev/null/inferredProject2* Version: 59 structureChanged: false Elapsed: 2ms
Info 199  [18:7:25.239] Different program with same set of files:: oldProgram.structureIsReused:: 2
Info 200  [18:7:31.148] Starting updateGraphWorker: Project: /dev/null/inferredProject2*
Info 201  [18:7:31.153] Finishing updateGraphWorker: Project: /dev/null/inferredProject2* Version: 60 structureChanged: false Elapsed: 5ms
Info 202  [18:7:31.153] Different program with same set of files:: oldProgram.structureIsReused:: 2
Info 203  [18:8:36.178] Search path: /home/alex/Brain/themes/Zettels/assets/js
Info 204  [18:8:36.178] For info: /home/alex/Brain/themes/Zettels/assets/js/fuse.js :: No config files found.
Info 205  [18:8:36.183] Starting updateGraphWorker: Project: /dev/null/inferredProject3*
Info 206  [18:8:36.263] Finishing updateGraphWorker: Project: /dev/null/inferredProject3* Version: 1 structureChanged: true Elapsed: 80ms
Info 207  [18:8:36.263] Project '/dev/null/inferredProject3*' (Inferred)
Info 208  [18:8:36.263] 	Files (6)

Info 209  [18:8:36.263] -----------------------------------------------
Info 210  [18:8:36.378] Starting updateGraphWorker: Project: /dev/null/inferredProject3*
Info 211  [18:8:36.378] Finishing updateGraphWorker: Project: /dev/null/inferredProject3* Version: 2 structureChanged: false Elapsed: 0ms
Info 212  [18:8:38.867] Before ensureProjectForOpenFiles:
Info 213  [18:8:38.868] After ensureProjectForOpenFiles:
Info 214  [18:8:38.868] got projects updated in background, updating diagnostics for /home/alex/Brain/themes/Zettels/assets/js/turbolinks.js,/home/alex/Brain/themes/Zettels/assets/js/fastsearch.js,/home/alex/Brain/themes/Zettels/assets/js/fuse.js
Info 215  [18:12:12.851] Starting updateGraphWorker: Project: /dev/null/inferredProject2*
Info 216  [18:12:12.857] Finishing updateGraphWorker: Project: /dev/null/inferredProject2* Version: 61 structureChanged: false Elapsed: 6ms
Info 217  [18:12:12.857] Different program with same set of files:: oldProgram.structureIsReused:: 2
Info 218  [18:12:14.139] Starting updateGraphWorker: Project: /dev/null/inferredProject2*
Info 219  [18:12:14.145] Finishing updateGraphWorker: Project: /dev/null/inferredProject2* Version: 62 structureChanged: false Elapsed: 6ms
Info 220  [18:12:14.145] Different program with same set of files:: oldProgram.structureIsReused:: 2
Info 221  [18:12:14.588] Starting updateGraphWorker: Project: /dev/null/inferredProject2*
Info 222  [18:12:14.593] Finishing updateGraphWorker: Project: /dev/null/inferredProject2* Version: 63 structureChanged: false Elapsed: 4ms
Info 223  [18:12:14.593] Different program with same set of files:: oldProgram.structureIsReused:: 2
Info 224  [18:12:16.200] Starting updateGraphWorker: Project: /dev/null/inferredProject2*
Info 225  [18:12:16.207] Finishing updateGraphWorker: Project: /dev/null/inferredProject2* Version: 64 structureChanged: false Elapsed: 7ms
Info 226  [18:12:16.207] Different program with same set of files:: oldProgram.structureIsReused:: 2
Info 227  [18:12:18.140] Starting updateGraphWorker: Project: /dev/null/inferredProject2*
Info 228  [18:12:18.147] Finishing updateGraphWorker: Project: /dev/null/inferredProject2* Version: 65 structureChanged: false Elapsed: 7ms
Info 229  [18:12:18.147] Different program with same set of files:: oldProgram.structureIsReused:: 2
Info 230  [18:12:18.732] Starting updateGraphWorker: Project: /dev/null/inferredProject2*
Info 231  [18:12:18.737] Finishing updateGraphWorker: Project: /dev/null/inferredProject2* Version: 66 structureChanged: false Elapsed: 5ms
Info 232  [18:12:18.737] Different program with same set of files:: oldProgram.structureIsReused:: 2
Info 233  [18:12:19.3] Starting updateGraphWorker: Project: /dev/null/inferredProject2*
Info 234  [18:12:19.13] Finishing updateGraphWorker: Project: /dev/null/inferredProject2* Version: 67 structureChanged: false Elapsed: 10ms
Info 235  [18:12:19.13] Different program with same set of files:: oldProgram.structureIsReused:: 2
Info 236  [18:12:20.112] Starting updateGraphWorker: Project: /dev/null/inferredProject2*
Info 237  [18:12:20.116] Finishing updateGraphWorker: Project: /dev/null/inferredProject2* Version: 68 structureChanged: false Elapsed: 4ms
Info 238  [18:12:20.116] Different program with same set of files:: oldProgram.structureIsReused:: 2
Info 239  [18:12:20.919] Starting updateGraphWorker: Project: /dev/null/inferredProject2*
Info 240  [18:12:20.924] Finishing updateGraphWorker: Project: /dev/null/inferredProject2* Version: 69 structureChanged: false Elapsed: 5ms
Info 241  [18:12:20.924] Different program with same set of files:: oldProgram.structureIsReused:: 2
Info 242  [18:12:21.850] Starting updateGraphWorker: Project: /dev/null/inferredProject2*
Info 243  [18:12:21.854] Finishing updateGraphWorker: Project: /dev/null/inferredProject2* Version: 70 structureChanged: false Elapsed: 4ms
Info 244  [18:12:21.854] Different program with same set of files:: oldProgram.structureIsReused:: 2
Info 245  [18:12:22.303] Starting updateGraphWorker: Project: /dev/null/inferredProject2*
Info 246  [18:12:22.306] Finishing updateGraphWorker: Project: /dev/null/inferredProject2* Version: 71 structureChanged: false Elapsed: 3ms
Info 247  [18:12:22.306] Different program with same set of files:: oldProgram.structureIsReused:: 2
Info 248  [18:12:23.824] Starting updateGraphWorker: Project: /dev/null/inferredProject2*
Info 249  [18:12:23.827] Finishing updateGraphWorker: Project: /dev/null/inferredProject2* Version: 72 structureChanged: false Elapsed: 3ms
Info 250  [18:12:23.827] Different program with same set of files:: oldProgram.structureIsReused:: 2
Info 251  [18:12:24.639] Starting updateGraphWorker: Project: /dev/null/inferredProject2*
Info 252  [18:12:24.643] Finishing updateGraphWorker: Project: /dev/null/inferredProject2* Version: 73 structureChanged: false Elapsed: 4ms
Info 253  [18:12:24.643] Different program with same set of files:: oldProgram.structureIsReused:: 2
Info 254  [18:12:25.444] Starting updateGraphWorker: Project: /dev/null/inferredProject2*
Info 255  [18:12:25.448] Finishing updateGraphWorker: Project: /dev/null/inferredProject2* Version: 74 structureChanged: false Elapsed: 4ms
Info 256  [18:12:25.448] Different program with same set of files:: oldProgram.structureIsReused:: 2
Info 257  [18:12:26.388] Starting updateGraphWorker: Project: /dev/null/inferredProject2*
Info 258  [18:12:26.392] Finishing updateGraphWorker: Project: /dev/null/inferredProject2* Version: 75 structureChanged: false Elapsed: 4ms
Info 259  [18:12:26.392] Different program with same set of files:: oldProgram.structureIsReused:: 2
Info 260  [18:12:27.994] Starting updateGraphWorker: Project: /dev/null/inferredProject2*
Info 261  [18:12:27.997] Finishing updateGraphWorker: Project: /dev/null/inferredProject2* Version: 76 structureChanged: false Elapsed: 3ms
Info 262  [18:12:27.997] Different program with same set of files:: oldProgram.structureIsReused:: 2
Info 263  [18:12:28.939] Starting updateGraphWorker: Project: /dev/null/inferredProject2*
Info 264  [18:12:28.943] Finishing updateGraphWorker: Project: /dev/null/inferredProject2* Version: 77 structureChanged: false Elapsed: 4ms
Info 265  [18:12:28.943] Different program with same set of files:: oldProgram.structureIsReused:: 2
Info 266  [18:12:29.299] Starting updateGraphWorker: Project: /dev/null/inferredProject2*
Info 267  [18:12:29.302] Finishing updateGraphWorker: Project: /dev/null/inferredProject2* Version: 78 structureChanged: false Elapsed: 3ms
Info 268  [18:12:29.302] Different program with same set of files:: oldProgram.structureIsReused:: 2
Info 269  [18:12:29.800] Starting updateGraphWorker: Project: /dev/null/inferredProject2*
Info 270  [18:12:29.803] Finishing updateGraphWorker: Project: /dev/null/inferredProject2* Version: 79 structureChanged: false Elapsed: 3ms
Info 271  [18:12:29.803] Different program with same set of files:: oldProgram.structureIsReused:: 2
Info 272  [18:12:30.704] Starting updateGraphWorker: Project: /dev/null/inferredProject2*
Info 273  [18:12:30.709] Finishing updateGraphWorker: Project: /dev/null/inferredProject2* Version: 80 structureChanged: false Elapsed: 5ms
Info 274  [18:12:30.709] Different program with same set of files:: oldProgram.structureIsReused:: 2
Info 275  [18:12:31.991] Starting updateGraphWorker: Project: /dev/null/inferredProject2*
Info 276  [18:12:31.996] Finishing updateGraphWorker: Project: /dev/null/inferredProject2* Version: 81 structureChanged: false Elapsed: 5ms
Info 277  [18:12:31.996] Different program with same set of files:: oldProgram.structureIsReused:: 2
Info 278  [18:12:32.670] Starting updateGraphWorker: Project: /dev/null/inferredProject2*
Info 279  [18:12:32.674] Finishing updateGraphWorker: Project: /dev/null/inferredProject2* Version: 82 structureChanged: false Elapsed: 4ms
Info 280  [18:12:32.674] Different program with same set of files:: oldProgram.structureIsReused:: 2
Info 281  [18:17:26.49] Starting updateGraphWorker: Project: /dev/null/inferredProject2*
Info 282  [18:17:26.55] Finishing updateGraphWorker: Project: /dev/null/inferredProject2* Version: 83 structureChanged: false Elapsed: 6ms
Info 283  [18:17:26.55] Different program with same set of files:: oldProgram.structureIsReused:: 2
Info 284  [18:17:27.343] Starting updateGraphWorker: Project: /dev/null/inferredProject2*
Info 285  [18:17:27.347] Finishing updateGraphWorker: Project: /dev/null/inferredProject2* Version: 84 structureChanged: false Elapsed: 4ms
Info 286  [18:17:27.347] Different program with same set of files:: oldProgram.structureIsReused:: 2
